<?xml version="1.0" encoding="UTF-8"?>
<!-- Generated by org.testng.reporters.JUnitXMLReporter -->
<testsuite ignored="0" hostname="Dasari-ASUS" failures="0" tests="6" name="Test" time="0.095" errors="0" timestamp="2023-10-13T14:47:06 IST">
  <testcase classname="Batchexecution.TestClass2" name="demo1" time="0.013"/>
  <testcase classname="Batchexecution.TestClass2" name="demo2" time="0.002"/>
  <testcase classname="Batchexecution.TestClass3" name="demo1" time="0.002"/>
  <testcase classname="Batchexecution.TestClass3" name="demo2" time="0.002"/>
  <testcase classname="Batchexecution.TestClass1" name="demo1" time="0.002"/>
  <testcase classname="Batchexecution.TestClass1" name="demo2" time="0.001"/>
</testsuite> <!-- Test -->
